[2021-05-18 11:39:22,123] INFO: App startup in /home/anton/PycharmProjects/epam_project/src/__init__.py:27
[2021-05-18 11:39:22,131] INFO: App startup in /home/anton/PycharmProjects/epam_project/src/__init__.py:27
[2021-05-18 11:39:22,117] INFO: App startup in /home/anton/PycharmProjects/epam_project/src/__init__.py:27
[2021-05-18 11:39:22,156] INFO: App startup in /home/anton/PycharmProjects/epam_project/src/__init__.py:27
[2021-05-18 11:40:53,644] INFO: App startup in /home/anton/PycharmProjects/epam_project/src/__init__.py:27
[2021-05-18 11:40:53,727] INFO: App startup in /home/anton/PycharmProjects/epam_project/src/__init__.py:27
[2021-05-18 11:40:53,876] INFO: App startup in /home/anton/PycharmProjects/epam_project/src/__init__.py:27
[2021-05-18 11:40:53,874] INFO: App startup in /home/anton/PycharmProjects/epam_project/src/__init__.py:27
[2021-05-18 12:54:46,722] INFO: App startup in /home/anton/PycharmProjects/epam_project/src/__init__.py:27
[2021-05-18 12:54:46,727] INFO: App startup in /home/anton/PycharmProjects/epam_project/src/__init__.py:27
[2021-05-18 12:54:46,728] INFO: App startup in /home/anton/PycharmProjects/epam_project/src/__init__.py:27
[2021-05-18 12:54:46,727] INFO: App startup in /home/anton/PycharmProjects/epam_project/src/__init__.py:27
[2021-05-18 13:14:48,181] INFO: App startup in /home/anton/PycharmProjects/epam_project/src/__init__.py:27
[2021-05-18 13:15:07,010] ERROR: Exception on /api/search/email=anton@mail.ru [GET] in /home/anton/PycharmProjects/epam_project/venv/lib/python3.8/site-packages/flask/app.py:1891
Traceback (most recent call last):
  File "/home/anton/PycharmProjects/epam_project/venv/lib/python3.8/site-packages/sqlalchemy/util/_collections.py", line 1008, in __call__
    return self.registry[key]
KeyError: <greenlet.greenlet object at 0x7f6714f8dca0 (otid=0x7f67160efe00) current active started main>

During handling of the above exception, another exception occurred:

Traceback (most recent call last):
  File "/home/anton/PycharmProjects/epam_project/venv/lib/python3.8/site-packages/flask/app.py", line 1950, in full_dispatch_request
    rv = self.dispatch_request()
  File "/home/anton/PycharmProjects/epam_project/venv/lib/python3.8/site-packages/flask/app.py", line 1936, in dispatch_request
    return self.view_functions[rule.endpoint](**req.view_args)
  File "/home/anton/PycharmProjects/epam_project/venv/lib/python3.8/site-packages/flask_restful/__init__.py", line 468, in wrapper
    resp = resource(*args, **kwargs)
  File "/home/anton/PycharmProjects/epam_project/venv/lib/python3.8/site-packages/flask/views.py", line 89, in view
    return self.dispatch_request(*args, **kwargs)
  File "/home/anton/PycharmProjects/epam_project/venv/lib/python3.8/site-packages/flask_restful/__init__.py", line 583, in dispatch_request
    resp = meth(*args, **kwargs)
  File "/home/anton/PycharmProjects/epam_project/src/rest/resources/wrappers.py", line 41, in wrapper
    return func(*args, **kwargs)
  File "/home/anton/PycharmProjects/epam_project/src/rest/resources/search_employee.py", line 26, in get
    employee = service.get_employee_by_email(params["email"][0])
  File "/home/anton/PycharmProjects/epam_project/src/service/database_queries.py", line 118, in get_employee_by_email
    return db.session.query(Employee).filter_by(email=email).first()
  File "<string>", line 2, in query
  File "/home/anton/PycharmProjects/epam_project/venv/lib/python3.8/site-packages/sqlalchemy/orm/scoping.py", line 105, in _proxied
    return self.registry()
  File "/home/anton/PycharmProjects/epam_project/venv/lib/python3.8/site-packages/sqlalchemy/util/_collections.py", line 1010, in __call__
    return self.registry.setdefault(key, self.createfunc())
  File "/home/anton/PycharmProjects/epam_project/venv/lib/python3.8/site-packages/sqlalchemy/orm/session.py", line 4058, in __call__
    return self.class_(**local_kw)
  File "/home/anton/PycharmProjects/epam_project/venv/lib/python3.8/site-packages/flask_sqlalchemy/__init__.py", line 176, in __init__
    bind = options.pop('bind', None) or db.engine
  File "/home/anton/PycharmProjects/epam_project/venv/lib/python3.8/site-packages/flask_sqlalchemy/__init__.py", line 998, in engine
    return self.get_engine()
  File "/home/anton/PycharmProjects/epam_project/venv/lib/python3.8/site-packages/flask_sqlalchemy/__init__.py", line 1017, in get_engine
    return connector.get_engine()
  File "/home/anton/PycharmProjects/epam_project/venv/lib/python3.8/site-packages/flask_sqlalchemy/__init__.py", line 594, in get_engine
    self._engine = rv = self._sa.create_engine(sa_url, options)
  File "/home/anton/PycharmProjects/epam_project/venv/lib/python3.8/site-packages/flask_sqlalchemy/__init__.py", line 1027, in create_engine
    return sqlalchemy.create_engine(sa_url, **engine_opts)
  File "<string>", line 2, in create_engine
  File "/home/anton/PycharmProjects/epam_project/venv/lib/python3.8/site-packages/sqlalchemy/util/deprecations.py", line 298, in warned
    return fn(*args, **kwargs)
  File "/home/anton/PycharmProjects/epam_project/venv/lib/python3.8/site-packages/sqlalchemy/engine/create.py", line 548, in create_engine
    dbapi = dialect_cls.dbapi(**dbapi_args)
  File "/home/anton/PycharmProjects/epam_project/venv/lib/python3.8/site-packages/sqlalchemy/dialects/mysql/mysqldb.py", line 118, in dbapi
    return __import__("MySQLdb")
ModuleNotFoundError: No module named 'MySQLdb'
[2021-05-18 13:15:07,084] ERROR: Exception on /login [POST] in /home/anton/PycharmProjects/epam_project/venv/lib/python3.8/site-packages/flask/app.py:1891
Traceback (most recent call last):
  File "/home/anton/PycharmProjects/epam_project/venv/lib/python3.8/site-packages/flask/app.py", line 2447, in wsgi_app
    response = self.full_dispatch_request()
  File "/home/anton/PycharmProjects/epam_project/venv/lib/python3.8/site-packages/flask/app.py", line 1952, in full_dispatch_request
    rv = self.handle_user_exception(e)
  File "/home/anton/PycharmProjects/epam_project/venv/lib/python3.8/site-packages/flask_restful/__init__.py", line 272, in error_router
    return original_handler(e)
  File "/home/anton/PycharmProjects/epam_project/venv/lib/python3.8/site-packages/flask/app.py", line 1821, in handle_user_exception
    reraise(exc_type, exc_value, tb)
  File "/home/anton/PycharmProjects/epam_project/venv/lib/python3.8/site-packages/flask/_compat.py", line 39, in reraise
    raise value
  File "/home/anton/PycharmProjects/epam_project/venv/lib/python3.8/site-packages/flask/app.py", line 1950, in full_dispatch_request
    rv = self.dispatch_request()
  File "/home/anton/PycharmProjects/epam_project/venv/lib/python3.8/site-packages/flask/app.py", line 1936, in dispatch_request
    return self.view_functions[rule.endpoint](**req.view_args)
  File "/home/anton/PycharmProjects/epam_project/src/views/autorisation_routes.py", line 27, in login
    employee = employee_schema.load(employee_json, session=db.session)
  File "/home/anton/PycharmProjects/epam_project/venv/lib/python3.8/site-packages/marshmallow_sqlalchemy/schema/load_instance_mixin.py", line 92, in load
    return super().load(data, **kwargs)
  File "/home/anton/PycharmProjects/epam_project/venv/lib/python3.8/site-packages/marshmallow/schema.py", line 725, in load
    return self._do_load(
  File "/home/anton/PycharmProjects/epam_project/venv/lib/python3.8/site-packages/marshmallow/schema.py", line 907, in _do_load
    raise exc
marshmallow.exceptions.ValidationError: {'last_name': ['Missing data for required field.'], 'position': ['Missing data for required field.'], 'email': ['Missing data for required field.'], 'first_name': ['Missing data for required field.'], 'message': ['Unknown field.']}
[2021-05-18 13:22:32,228] INFO: App startup in /home/anton/PycharmProjects/epam_project/src/__init__.py:27
[2021-05-18 13:30:00,325] INFO: App startup in /home/anton/PycharmProjects/epam_project/src/__init__.py:27
[2021-05-18 13:30:23,057] INFO: App startup in /home/anton/PycharmProjects/epam_project/src/__init__.py:27
[2021-05-18 13:32:40,711] INFO: App startup in /home/anton/PycharmProjects/epam_project/src/__init__.py:27
[2021-05-18 13:32:40,814] INFO: App startup in /home/anton/PycharmProjects/epam_project/src/__init__.py:27
[2021-05-18 13:32:40,834] INFO: App startup in /home/anton/PycharmProjects/epam_project/src/__init__.py:27
[2021-05-18 13:32:40,843] INFO: App startup in /home/anton/PycharmProjects/epam_project/src/__init__.py:27
[2021-05-18 15:10:38,634] INFO: App startup in /home/anton/PycharmProjects/epam_project/src/__init__.py:27
[2021-05-18 15:10:38,905] INFO: App startup in /home/anton/PycharmProjects/epam_project/src/__init__.py:27
[2021-05-18 15:10:38,947] INFO: App startup in /home/anton/PycharmProjects/epam_project/src/__init__.py:27
[2021-05-18 15:10:39,010] INFO: App startup in /home/anton/PycharmProjects/epam_project/src/__init__.py:27
[2021-05-18 15:11:10,172] INFO: App startup in /home/anton/PycharmProjects/epam_project/src/__init__.py:27
[2021-05-18 15:11:10,367] INFO: App startup in /home/anton/PycharmProjects/epam_project/src/__init__.py:27
[2021-05-18 15:11:10,463] INFO: App startup in /home/anton/PycharmProjects/epam_project/src/__init__.py:27
[2021-05-18 15:11:10,508] INFO: App startup in /home/anton/PycharmProjects/epam_project/src/__init__.py:27
[2021-05-18 15:28:32,857] INFO: App startup in /home/anton/PycharmProjects/epam_project/src/__init__.py:27
[2021-05-18 15:28:32,921] INFO: App startup in /home/anton/PycharmProjects/epam_project/src/__init__.py:27
[2021-05-18 15:28:33,002] INFO: App startup in /home/anton/PycharmProjects/epam_project/src/__init__.py:27
[2021-05-18 15:28:33,022] INFO: App startup in /home/anton/PycharmProjects/epam_project/src/__init__.py:27
